This is pdfTeX, Version 3.141592653-2.6-1.40.25 (TeX Live 2023/MacPorts 2023.66589_1) (preloaded format=pdflatex 2023.9.7)  25 SEP 2023 20:16
entering extended mode
 restricted \write18 enabled.
 %&-line parsing enabled.
**b6
(./b6.tex
LaTeX2e <2022-11-01> patch level 1
L3 programming layer <2023-02-22>
(/opt/local/share/texmf-texlive/tex/latex/base/article.cls
Document Class: article 2022/07/02 v1.4n Standard LaTeX document class
(/opt/local/share/texmf-texlive/tex/latex/base/size10.clo
File: size10.clo 2022/07/02 v1.4n Standard LaTeX file (size option)
)
\c@part=\count185
\c@section=\count186
\c@subsection=\count187
\c@subsubsection=\count188
\c@paragraph=\count189
\c@subparagraph=\count190
\c@figure=\count191
\c@table=\count192
\abovecaptionskip=\skip48
\belowcaptionskip=\skip49
\bibindent=\dimen140
)
(/opt/local/share/texmf-texlive/tex/latex/l3backend/l3backend-pdftex.def
File: l3backend-pdftex.def 2023-01-16 L3 backend support: PDF output (pdfTeX)
\l__color_backend_stack_int=\count193
\l__pdf_internal_box=\box51
)
(./b6.aux)
\openout1 = `b6.aux'.

LaTeX Font Info:    Checking defaults for OML/cmm/m/it on input line 14.
LaTeX Font Info:    ... okay on input line 14.
LaTeX Font Info:    Checking defaults for OMS/cmsy/m/n on input line 14.
LaTeX Font Info:    ... okay on input line 14.
LaTeX Font Info:    Checking defaults for OT1/cmr/m/n on input line 14.
LaTeX Font Info:    ... okay on input line 14.
LaTeX Font Info:    Checking defaults for T1/cmr/m/n on input line 14.
LaTeX Font Info:    ... okay on input line 14.
LaTeX Font Info:    Checking defaults for TS1/cmr/m/n on input line 14.
LaTeX Font Info:    ... okay on input line 14.
LaTeX Font Info:    Checking defaults for OMX/cmex/m/n on input line 14.
LaTeX Font Info:    ... okay on input line 14.
LaTeX Font Info:    Checking defaults for U/cmr/m/n on input line 14.
LaTeX Font Info:    ... okay on input line 14.
LaTeX Font Info:    External font `cmex10' loaded for size
(Font)              <7> on input line 21.
LaTeX Font Info:    External font `cmex10' loaded for size
(Font)              <5> on input line 21.

Overfull \hbox (84.43478pt too wide) detected at line 89
[]
 []

[1

{/opt/local/var/db/texmf/fonts/map/pdftex/updmap/pdftex.map}]
Overfull \hbox (112.57521pt too wide) detected at line 182
[]
 []

[2] (./b6.aux) ) 
Here is how much of TeX's memory you used:
 455 strings out of 477139
 8407 string characters out of 5813069
 1864388 words of memory out of 5000000
 20809 multiletter control sequences out of 15000+600000
 515317 words of font info for 42 fonts, out of 8000000 for 9000
 430 hyphenation exceptions out of 8191
 34i,8n,38p,160b,176s stack positions out of 10000i,1000n,20000p,200000b,200000s
</opt/local/share/texmf-texlive/fonts/type1/public/amsfonts/cm/
cmbx10.pfb></opt/local/share/texmf-texlive/fonts/type1/public/amsfonts/cm/cmbx1
2.pfb></opt/local/share/texmf-texlive/fonts/type1/public/amsfonts/cm/cmex10.pfb
></opt/local/share/texmf-texlive/fonts/type1/public/amsfonts/cm/cmmi10.pfb></op
t/local/share/texmf-texlive/fonts/type1/public/amsfonts/cm/cmr10.pfb></opt/loca
l/share/texmf-texlive/fonts/type1/public/amsfonts/cm/cmr7.pfb></opt/local/share
/texmf-texlive/fonts/type1/public/amsfonts/cm/cmss10.pfb></opt/local/share/texm
f-texlive/fonts/type1/public/amsfonts/cm/cmsy10.pfb></opt/local/share/texmf-tex
live/fonts/type1/public/amsfonts/cm/cmti10.pfb></opt/local/share/texmf-texlive/
fonts/type1/public/amsfonts/cm/cmti7.pfb></opt/local/share/texmf-texlive/fonts/
type1/public/amsfonts/cm/cmtt10.pfb>
Output written on b6.pdf (2 pages, 113786 bytes).
PDF statistics:
 66 PDF objects out of 1000 (max. 8388607)
 39 compressed objects within 1 object stream
 0 named destinations out of 1000 (max. 500000)
 1 words of extra memory for PDF output out of 10000 (max. 10000000)

