This is pdfTeX, Version 3.141592653-2.6-1.40.25 (TeX Live 2023/MacPorts 2023.66589_1) (preloaded format=pdflatex 2023.9.7)  25 SEP 2023 20:16
entering extended mode
 restricted \write18 enabled.
 %&-line parsing enabled.
**./images.tex
(./images.tex
LaTeX2e <2022-11-01> patch level 1
L3 programming layer <2023-02-22>
(/opt/local/share/texmf-texlive/tex/latex/base/article.cls
Document Class: article 2022/07/02 v1.4n Standard LaTeX document class
(/opt/local/share/texmf-texlive/tex/latex/base/size10.clo
File: size10.clo 2022/07/02 v1.4n Standard LaTeX file (size option)
)
\c@part=\count185
\c@section=\count186
\c@subsection=\count187
\c@subsubsection=\count188
\c@paragraph=\count189
\c@subparagraph=\count190
\c@figure=\count191
\c@table=\count192
\abovecaptionskip=\skip48
\belowcaptionskip=\skip49
\bibindent=\dimen140
) (/opt/local/share/texmf-texlive/tex/latex/base/ifthen.sty
Package: ifthen 2022/04/13 v1.1d Standard LaTeX ifthen package (DPC)
) (/opt/local/share/texmf-texlive/tex/latex/xcolor/xcolor.sty
Package: xcolor 2022/06/12 v2.14 LaTeX color extensions (UK)
(/opt/local/share/texmf-texlive/tex/latex/graphics-cfg/color.cfg
File: color.cfg 2016/01/02 v1.6 sample color configuration
)
Package xcolor Info: Driver file: pdftex.def on input line 227.
(/opt/local/share/texmf-texlive/tex/latex/graphics-def/pdftex.def
File: pdftex.def 2022/09/22 v1.2b Graphics/color driver for pdftex
) (/opt/local/share/texmf-texlive/tex/latex/graphics/mathcolor.ltx)
Package xcolor Info: Model `cmy' substituted by `cmy0' on input line 1353.
Package xcolor Info: Model `hsb' substituted by `rgb' on input line 1357.
Package xcolor Info: Model `RGB' extended on input line 1369.
Package xcolor Info: Model `HTML' substituted by `rgb' on input line 1371.
Package xcolor Info: Model `Hsb' substituted by `hsb' on input line 1372.
Package xcolor Info: Model `tHsb' substituted by `hsb' on input line 1373.
Package xcolor Info: Model `HSB' substituted by `hsb' on input line 1374.
Package xcolor Info: Model `Gray' substituted by `gray' on input line 1375.
Package xcolor Info: Model `wave' substituted by `hsb' on input line 1376.
)
\sizebox=\box51
\lthtmlwrite=\write3
(/opt/local/share/texmf-texlive/tex/latex/preview/preview.sty
Package: preview 2017/04/24 13.1 (AUCTeX/preview-latex)
(/opt/local/share/texmf-texlive/tex/generic/luatex85/luatex85.sty
Package: luatex85 2016/06/15 v1.4 pdftex aliases for luatex
) (/opt/local/share/texmf-texlive/tex/latex/preview/prtightpage.def
\PreviewBorder=\dimen141
)
\pr@snippet=\count193
\pr@box=\box52
\pr@output=\toks16
)
\lthtmlPageBox=\box53
\lthtmlCropMarkHeight=\dimen142
\lthtmlCropMarkDepth=\dimen143
(/opt/local/share/texmf-texlive/tex/latex/l3backend/l3backend-pdftex.def
File: l3backend-pdftex.def 2023-01-16 L3 backend support: PDF output (pdfTeX)
\l__color_backend_stack_int=\count194
\l__pdf_internal_box=\box54
) (./images.aux)
\openout1 = `images.aux'.

LaTeX Font Info:    Checking defaults for OML/cmm/m/it on input line 105.
LaTeX Font Info:    ... okay on input line 105.
LaTeX Font Info:    Checking defaults for OMS/cmsy/m/n on input line 105.
LaTeX Font Info:    ... okay on input line 105.
LaTeX Font Info:    Checking defaults for OT1/cmr/m/n on input line 105.
LaTeX Font Info:    ... okay on input line 105.
LaTeX Font Info:    Checking defaults for T1/cmr/m/n on input line 105.
LaTeX Font Info:    ... okay on input line 105.
LaTeX Font Info:    Checking defaults for TS1/cmr/m/n on input line 105.
LaTeX Font Info:    ... okay on input line 105.
LaTeX Font Info:    Checking defaults for OMX/cmex/m/n on input line 105.
LaTeX Font Info:    ... okay on input line 105.
LaTeX Font Info:    Checking defaults for U/cmr/m/n on input line 105.
LaTeX Font Info:    ... okay on input line 105.
(/opt/local/share/texmf-texlive/tex/context/base/mkii/supp-pdf.mkii
[Loading MPS to PDF converter (version 2006.09.02).]
\scratchcounter=\count195
\scratchdimen=\dimen144
\scratchbox=\box55
\nofMPsegments=\count196
\nofMParguments=\count197
\everyMPshowfont=\toks17
\MPscratchCnt=\count198
\MPscratchDim=\dimen145
\MPnumerator=\count199
\makeMPintoPDFobject=\count266
\everyMPtoPDFconversion=\toks18
)
Preview: Fontsize 10pt
Preview: PDFoutput 1

latex2htmlLength hsize=349.0pt

latex2htmlLength vsize=682.0pt

latex2htmlLength hoffset=0.0pt

latex2htmlLength voffset=0.0pt

latex2htmlLength topmargin=0.0pt

latex2htmlLength topskip=0.00003pt

latex2htmlLength headheight=0.0pt

latex2htmlLength headsep=0.0pt

latex2htmlLength parskip=0.0pt plus 1.0pt

latex2htmlLength oddsidemargin=53.0pt

latex2htmlLength evensidemargin=53.0pt

LaTeX Font Info:    External font `cmex10' loaded for size
(Font)              <7> on input line 145.
LaTeX Font Info:    External font `cmex10' loaded for size
(Font)              <5> on input line 145.

:tex2html_wrap_indisplay270:lthtmlCropMarkHeight:=62.50055pt

:tex2html_wrap_indisplay270:lthtmlCropMarkDepth:=51.50055pt:1ex:=4.30554pt
Preview: Tightpage -32891 -32891 32891 32891
[1{/opt/local/var/db/texmf/fonts/map/pdftex/updmap/pdftex.map}]

:tex2html_wrap_indisplay272:lthtmlCropMarkHeight:=44.50037pt

:tex2html_wrap_indisplay272:lthtmlCropMarkDepth:=33.50037pt:1ex:=4.30554pt
[2]

:tex2html_wrap_indisplay275:lthtmlCropMarkHeight:=14.50005pt

:tex2html_wrap_indisplay275:lthtmlCropMarkDepth:=3.50006pt:1ex:=4.30554pt
[3] (./images.aux) ) 
Here is how much of TeX's memory you used:
 1681 strings out of 477139
 25063 string characters out of 5813069
 1856388 words of memory out of 5000000
 22002 multiletter control sequences out of 15000+600000
 514236 words of font info for 38 fonts, out of 8000000 for 9000
 430 hyphenation exceptions out of 8191
 42i,10n,48p,155b,148s stack positions out of 10000i,1000n,20000p,200000b,200000s
</opt/local/share/texmf-texlive/fonts/type1/public/amsfonts
/cm/cmex10.pfb></opt/local/share/texmf-texlive/fonts/type1/public/amsfonts/cm/c
mmi10.pfb></opt/local/share/texmf-texlive/fonts/type1/public/amsfonts/cm/cmr10.
pfb></opt/local/share/texmf-texlive/fonts/type1/public/amsfonts/cm/cmss10.pfb><
/opt/local/share/texmf-texlive/fonts/type1/public/amsfonts/cm/cmsy10.pfb></opt/
local/share/texmf-texlive/fonts/type1/public/amsfonts/cm/cmti10.pfb></opt/local
/share/texmf-texlive/fonts/type1/public/amsfonts/cm/cmti7.pfb>
Output written on images.pdf (3 pages, 69755 bytes).
PDF statistics:
 49 PDF objects out of 1000 (max. 8388607)
 29 compressed objects within 1 object stream
 0 named destinations out of 1000 (max. 500000)
 1 words of extra memory for PDF output out of 10000 (max. 10000000)

